d:\downloads\tiledlighting11_v1.2\amd_sdk\bin\desktop_2012\x64\debug\amd_sdk.pdb
d:\downloads\tiledlighting11_v1.2\amd_sdk\bin\desktop_2012\x64\debug\timer.obj
d:\downloads\tiledlighting11_v1.2\amd_sdk\bin\desktop_2012\x64\debug\sprite.obj
d:\downloads\tiledlighting11_v1.2\amd_sdk\bin\desktop_2012\x64\debug\shadercachesamplehelper.obj
d:\downloads\tiledlighting11_v1.2\amd_sdk\bin\desktop_2012\x64\debug\shadercache.obj
d:\downloads\tiledlighting11_v1.2\amd_sdk\bin\desktop_2012\x64\debug\magnifytool.obj
d:\downloads\tiledlighting11_v1.2\amd_sdk\bin\desktop_2012\x64\debug\magnify.obj
d:\downloads\tiledlighting11_v1.2\amd_sdk\bin\desktop_2012\x64\debug\linerender.obj
d:\downloads\tiledlighting11_v1.2\amd_sdk\bin\desktop_2012\x64\debug\hud.obj
d:\downloads\tiledlighting11_v1.2\amd_sdk\bin\desktop_2012\x64\debug\helperfunctions.obj
d:\downloads\tiledlighting11_v1.2\amd_sdk\bin\desktop_2012\x64\debug\geometry.obj
d:\downloads\tiledlighting11_v1.2\amd_sdk\bin\desktop_2012\x64\debug\amd_sdk.lib
d:\workspace\d3dsamples_amd\tiledlighting11_v1.2\amd_sdk\bin\desktop_2012\x64\debug\geometry.obj
d:\workspace\d3dsamples_amd\tiledlighting11_v1.2\amd_sdk\bin\desktop_2012\x64\debug\helperfunctions.obj
d:\workspace\d3dsamples_amd\tiledlighting11_v1.2\amd_sdk\bin\desktop_2012\x64\debug\hud.obj
d:\workspace\d3dsamples_amd\tiledlighting11_v1.2\amd_sdk\bin\desktop_2012\x64\debug\linerender.obj
d:\workspace\d3dsamples_amd\tiledlighting11_v1.2\amd_sdk\bin\desktop_2012\x64\debug\magnify.obj
d:\workspace\d3dsamples_amd\tiledlighting11_v1.2\amd_sdk\bin\desktop_2012\x64\debug\magnifytool.obj
d:\workspace\d3dsamples_amd\tiledlighting11_v1.2\amd_sdk\bin\desktop_2012\x64\debug\shadercache.obj
d:\workspace\d3dsamples_amd\tiledlighting11_v1.2\amd_sdk\bin\desktop_2012\x64\debug\shadercachesamplehelper.obj
d:\workspace\d3dsamples_amd\tiledlighting11_v1.2\amd_sdk\bin\desktop_2012\x64\debug\sprite.obj
d:\workspace\d3dsamples_amd\tiledlighting11_v1.2\amd_sdk\bin\desktop_2012\x64\debug\timer.obj
d:\workspace\d3dsamples_amd\tiledlighting11_v1.2\amd_sdk\bin\desktop_2012\x64\debug\amd_sdk.pdb
d:\workspace\d3dsamples_amd\tiledlighting11_v1.2\amd_sdk\bin\desktop_2012\x64\debug\amd_sdk.lib
d:\workspace\d3dsamples_amd\tiledlighting11_v1.2\amd_sdk\bin\desktop_2012\x64\debug\amd_sdk.tlog\cl.command.1.tlog
d:\workspace\d3dsamples_amd\tiledlighting11_v1.2\amd_sdk\bin\desktop_2012\x64\debug\amd_sdk.tlog\cl.read.1.tlog
d:\workspace\d3dsamples_amd\tiledlighting11_v1.2\amd_sdk\bin\desktop_2012\x64\debug\amd_sdk.tlog\cl.write.1.tlog
d:\workspace\d3dsamples_amd\tiledlighting11_v1.2\amd_sdk\bin\desktop_2012\x64\debug\amd_sdk.tlog\lib-link.read.1.tlog
d:\workspace\d3dsamples_amd\tiledlighting11_v1.2\amd_sdk\bin\desktop_2012\x64\debug\amd_sdk.tlog\lib-link.write.1.tlog
d:\workspace\d3dsamples_amd\tiledlighting11_v1.2\amd_sdk\bin\desktop_2012\x64\debug\amd_sdk.tlog\lib.command.1.tlog
