d:\downloads\tiledlighting11_v1.2\tiledlighting11\bin\desktop_2012\x64\debug\tiledlighting11.pdb
d:\downloads\tiledlighting11_v1.2\tiledlighting11\bin\desktop_2012\x64\debug\tileddeferredutil.obj
d:\downloads\tiledlighting11_v1.2\tiledlighting11\bin\desktop_2012\x64\debug\lightutil.obj
d:\downloads\tiledlighting11_v1.2\tiledlighting11\bin\desktop_2012\x64\debug\tiledlighting11.obj
d:\downloads\tiledlighting11_v1.2\tiledlighting11\bin\desktop_2012\x64\debug\shadowrenderer.obj
d:\downloads\tiledlighting11_v1.2\tiledlighting11\bin\desktop_2012\x64\debug\rsmrenderer.obj
d:\downloads\tiledlighting11_v1.2\tiledlighting11\bin\desktop_2012\x64\debug\forwardplusutil.obj
d:\downloads\tiledlighting11_v1.2\tiledlighting11\bin\desktop_2012\x64\debug\commonutil.obj
d:\downloads\tiledlighting11_v1.2\tiledlighting11\bin\desktop_2012\x64\debug\tiledlighting11.ilk
d:\downloads\tiledlighting11_v1.2\tiledlighting11\bin\desktop_2012\x64\debug\tiledlighting11.exe
d:\downloads\tiledlighting11_v1.2\tiledlighting11\bin\desktop_2012\x64\debug\tiledlighting11.res
d:\downloads\tiledlighting11_v1.2\tiledlighting11\bin\desktop_2012\x64\debug\tiledlighting11.exe.embed.manifest.res
d:\workspace\d3dsamples_amd\tiledlighting11_v1.2\tiledlighting11\bin\desktop_2012\x64\debug\commonutil.obj
d:\workspace\d3dsamples_amd\tiledlighting11_v1.2\tiledlighting11\bin\desktop_2012\x64\debug\forwardplusutil.obj
d:\workspace\d3dsamples_amd\tiledlighting11_v1.2\tiledlighting11\bin\desktop_2012\x64\debug\lightutil.obj
d:\workspace\d3dsamples_amd\tiledlighting11_v1.2\tiledlighting11\bin\desktop_2012\x64\debug\rsmrenderer.obj
d:\workspace\d3dsamples_amd\tiledlighting11_v1.2\tiledlighting11\bin\desktop_2012\x64\debug\shadowrenderer.obj
d:\workspace\d3dsamples_amd\tiledlighting11_v1.2\tiledlighting11\bin\desktop_2012\x64\debug\tileddeferredutil.obj
d:\workspace\d3dsamples_amd\tiledlighting11_v1.2\tiledlighting11\bin\desktop_2012\x64\debug\tiledlighting11.obj
d:\workspace\d3dsamples_amd\tiledlighting11_v1.2\tiledlighting11\bin\desktop_2012\x64\debug\tiledlighting11.ilk
d:\workspace\d3dsamples_amd\tiledlighting11_v1.2\tiledlighting11\bin\desktop_2012\x64\debug\tiledlighting11.exe.embed.manifest
d:\workspace\d3dsamples_amd\tiledlighting11_v1.2\tiledlighting11\bin\desktop_2012\x64\debug\tiledlighting11.exe.embed.manifest.res
d:\workspace\d3dsamples_amd\tiledlighting11_v1.2\tiledlighting11\bin\desktop_2012\x64\debug\tiledlighting11.res
d:\workspace\d3dsamples_amd\tiledlighting11_v1.2\tiledlighting11\bin\desktop_2012\x64\debug\tiledlighting11.pdb
d:\workspace\d3dsamples_amd\tiledlighting11_v1.2\tiledlighting11\bin\desktop_2012\x64\debug\tiledlighting11_manifest.rc
d:\workspace\d3dsamples_amd\tiledlighting11_v1.2\tiledlighting11\bin\desktop_2012\x64\debug\tiledlighting11.exe
d:\workspace\d3dsamples_amd\tiledlighting11_v1.2\tiledlighting11\bin\desktop_2012\x64\debug\tiledlighting11.tlog\cl.command.1.tlog
d:\workspace\d3dsamples_amd\tiledlighting11_v1.2\tiledlighting11\bin\desktop_2012\x64\debug\tiledlighting11.tlog\cl.read.1.tlog
d:\workspace\d3dsamples_amd\tiledlighting11_v1.2\tiledlighting11\bin\desktop_2012\x64\debug\tiledlighting11.tlog\cl.write.1.tlog
d:\workspace\d3dsamples_amd\tiledlighting11_v1.2\tiledlighting11\bin\desktop_2012\x64\debug\tiledlighting11.tlog\link.command.1.tlog
d:\workspace\d3dsamples_amd\tiledlighting11_v1.2\tiledlighting11\bin\desktop_2012\x64\debug\tiledlighting11.tlog\link.read.1.tlog
d:\workspace\d3dsamples_amd\tiledlighting11_v1.2\tiledlighting11\bin\desktop_2012\x64\debug\tiledlighting11.tlog\link.write.1.tlog
d:\workspace\d3dsamples_amd\tiledlighting11_v1.2\tiledlighting11\bin\desktop_2012\x64\debug\tiledlighting11.tlog\rc.command.1.tlog
d:\workspace\d3dsamples_amd\tiledlighting11_v1.2\tiledlighting11\bin\desktop_2012\x64\debug\tiledlighting11.tlog\rc.read.1.tlog
d:\workspace\d3dsamples_amd\tiledlighting11_v1.2\tiledlighting11\bin\desktop_2012\x64\debug\tiledlighting11.tlog\rc.write.1.tlog
