d:\downloads\tiledlighting11_v1.2\dxut\core\bin\desktop_2012\x64\debug\dxut.pch
d:\downloads\tiledlighting11_v1.2\dxut\core\bin\desktop_2012\x64\debug\dxut.pdb
d:\downloads\tiledlighting11_v1.2\dxut\core\bin\desktop_2012\x64\debug\dxut.obj
d:\downloads\tiledlighting11_v1.2\dxut\core\bin\desktop_2012\x64\debug\wictextureloader.obj
d:\downloads\tiledlighting11_v1.2\dxut\core\bin\desktop_2012\x64\debug\screengrab.obj
d:\downloads\tiledlighting11_v1.2\dxut\core\bin\desktop_2012\x64\debug\ddstextureloader.obj
d:\downloads\tiledlighting11_v1.2\dxut\core\bin\desktop_2012\x64\debug\dxerr.obj
d:\downloads\tiledlighting11_v1.2\dxut\core\bin\desktop_2012\x64\debug\dxutmisc.obj
d:\downloads\tiledlighting11_v1.2\dxut\core\bin\desktop_2012\x64\debug\dxutdevice11.obj
d:\downloads\tiledlighting11_v1.2\dxut\core\bin\desktop_2012\x64\debug\dxut.lib
d:\workspace\d3dsamples_amd\tiledlighting11_v1.2\dxut\core\bin\desktop_2012\x64\debug\ddstextureloader.obj
d:\workspace\d3dsamples_amd\tiledlighting11_v1.2\dxut\core\bin\desktop_2012\x64\debug\dxerr.obj
d:\workspace\d3dsamples_amd\tiledlighting11_v1.2\dxut\core\bin\desktop_2012\x64\debug\dxut.obj
d:\workspace\d3dsamples_amd\tiledlighting11_v1.2\dxut\core\bin\desktop_2012\x64\debug\dxutdevice11.obj
d:\workspace\d3dsamples_amd\tiledlighting11_v1.2\dxut\core\bin\desktop_2012\x64\debug\dxutmisc.obj
d:\workspace\d3dsamples_amd\tiledlighting11_v1.2\dxut\core\bin\desktop_2012\x64\debug\screengrab.obj
d:\workspace\d3dsamples_amd\tiledlighting11_v1.2\dxut\core\bin\desktop_2012\x64\debug\wictextureloader.obj
d:\workspace\d3dsamples_amd\tiledlighting11_v1.2\dxut\core\bin\desktop_2012\x64\debug\dxut.pch
d:\workspace\d3dsamples_amd\tiledlighting11_v1.2\dxut\core\bin\desktop_2012\x64\debug\dxut.pdb
d:\workspace\d3dsamples_amd\tiledlighting11_v1.2\dxut\core\bin\desktop_2012\x64\debug\dxut.lib
d:\workspace\d3dsamples_amd\tiledlighting11_v1.2\dxut\core\bin\desktop_2012\x64\debug\dxut.tlog\cl.command.1.tlog
d:\workspace\d3dsamples_amd\tiledlighting11_v1.2\dxut\core\bin\desktop_2012\x64\debug\dxut.tlog\cl.read.1.tlog
d:\workspace\d3dsamples_amd\tiledlighting11_v1.2\dxut\core\bin\desktop_2012\x64\debug\dxut.tlog\cl.write.1.tlog
d:\workspace\d3dsamples_amd\tiledlighting11_v1.2\dxut\core\bin\desktop_2012\x64\debug\dxut.tlog\lib-link.read.1.tlog
d:\workspace\d3dsamples_amd\tiledlighting11_v1.2\dxut\core\bin\desktop_2012\x64\debug\dxut.tlog\lib-link.write.1.tlog
d:\workspace\d3dsamples_amd\tiledlighting11_v1.2\dxut\core\bin\desktop_2012\x64\debug\dxut.tlog\lib.command.1.tlog
