d:\downloads\forwardplus11_v1.1\forwardplus11_v1.1\forwardplus11\bin\desktop_2012\x64\debug\forwardplus11.pdb
d:\downloads\forwardplus11_v1.1\forwardplus11_v1.1\forwardplus11\bin\desktop_2012\x64\debug\forwardplusutil.obj
d:\downloads\forwardplus11_v1.1\forwardplus11_v1.1\forwardplus11\bin\desktop_2012\x64\debug\forwardplus11.obj
d:\downloads\forwardplus11_v1.1\forwardplus11_v1.1\forwardplus11\bin\desktop_2012\x64\debug\forwardplus11.ilk
d:\downloads\forwardplus11_v1.1\forwardplus11_v1.1\forwardplus11\bin\desktop_2012\x64\debug\forwardplus11.exe
d:\downloads\forwardplus11_v1.1\forwardplus11_v1.1\forwardplus11\bin\desktop_2012\x64\debug\forwardplus11.res
d:\downloads\forwardplus11_v1.1\forwardplus11_v1.1\forwardplus11\bin\desktop_2012\x64\debug\forwardplus11.exe.embed.manifest.res
d:\workspace\d3dsamples_amd\forwardplus11_v1.1\forwardplus11\bin\desktop_2012\x64\debug\forwardplus11.obj
d:\workspace\d3dsamples_amd\forwardplus11_v1.1\forwardplus11\bin\desktop_2012\x64\debug\forwardplusutil.obj
d:\workspace\d3dsamples_amd\forwardplus11_v1.1\forwardplus11\bin\desktop_2012\x64\debug\forwardplus11.ilk
d:\workspace\d3dsamples_amd\forwardplus11_v1.1\forwardplus11\bin\desktop_2012\x64\debug\forwardplus11.exe.embed.manifest
d:\workspace\d3dsamples_amd\forwardplus11_v1.1\forwardplus11\bin\desktop_2012\x64\debug\forwardplus11.exe.embed.manifest.res
d:\workspace\d3dsamples_amd\forwardplus11_v1.1\forwardplus11\bin\desktop_2012\x64\debug\forwardplus11.res
d:\workspace\d3dsamples_amd\forwardplus11_v1.1\forwardplus11\bin\desktop_2012\x64\debug\forwardplus11.pdb
d:\workspace\d3dsamples_amd\forwardplus11_v1.1\forwardplus11\bin\desktop_2012\x64\debug\forwardplus11_manifest.rc
d:\workspace\d3dsamples_amd\forwardplus11_v1.1\forwardplus11\bin\desktop_2012\x64\debug\forwardplus11.exe
d:\workspace\d3dsamples_amd\forwardplus11_v1.1\forwardplus11\bin\desktop_2012\x64\debug\forwardplus11.tlog\cl.command.1.tlog
d:\workspace\d3dsamples_amd\forwardplus11_v1.1\forwardplus11\bin\desktop_2012\x64\debug\forwardplus11.tlog\cl.read.1.tlog
d:\workspace\d3dsamples_amd\forwardplus11_v1.1\forwardplus11\bin\desktop_2012\x64\debug\forwardplus11.tlog\cl.write.1.tlog
d:\workspace\d3dsamples_amd\forwardplus11_v1.1\forwardplus11\bin\desktop_2012\x64\debug\forwardplus11.tlog\link.command.1.tlog
d:\workspace\d3dsamples_amd\forwardplus11_v1.1\forwardplus11\bin\desktop_2012\x64\debug\forwardplus11.tlog\link.read.1.tlog
d:\workspace\d3dsamples_amd\forwardplus11_v1.1\forwardplus11\bin\desktop_2012\x64\debug\forwardplus11.tlog\link.write.1.tlog
d:\workspace\d3dsamples_amd\forwardplus11_v1.1\forwardplus11\bin\desktop_2012\x64\debug\forwardplus11.tlog\rc.command.1.tlog
d:\workspace\d3dsamples_amd\forwardplus11_v1.1\forwardplus11\bin\desktop_2012\x64\debug\forwardplus11.tlog\rc.read.1.tlog
d:\workspace\d3dsamples_amd\forwardplus11_v1.1\forwardplus11\bin\desktop_2012\x64\debug\forwardplus11.tlog\rc.write.1.tlog
