d:\downloads\tiledlighting11_v1.2\dxut\optional\bin\desktop_2012\x64\debug\dxutopt.pch
d:\downloads\tiledlighting11_v1.2\dxut\optional\bin\desktop_2012\x64\debug\dxutopt.pdb
d:\downloads\tiledlighting11_v1.2\dxut\optional\bin\desktop_2012\x64\debug\dxutres.obj
d:\downloads\tiledlighting11_v1.2\dxut\optional\bin\desktop_2012\x64\debug\sdkmisc.obj
d:\downloads\tiledlighting11_v1.2\dxut\optional\bin\desktop_2012\x64\debug\sdkmesh.obj
d:\downloads\tiledlighting11_v1.2\dxut\optional\bin\desktop_2012\x64\debug\imeui.obj
d:\downloads\tiledlighting11_v1.2\dxut\optional\bin\desktop_2012\x64\debug\dxutsettingsdlg.obj
d:\downloads\tiledlighting11_v1.2\dxut\optional\bin\desktop_2012\x64\debug\dxutguiime.obj
d:\downloads\tiledlighting11_v1.2\dxut\optional\bin\desktop_2012\x64\debug\dxutgui.obj
d:\downloads\tiledlighting11_v1.2\dxut\optional\bin\desktop_2012\x64\debug\dxutcamera.obj
d:\downloads\tiledlighting11_v1.2\dxut\optional\bin\desktop_2012\x64\debug\dxutopt.lib
d:\workspace\d3dsamples_amd\tiledlighting11_v1.2\dxut\optional\bin\desktop_2012\x64\debug\dxutcamera.obj
d:\workspace\d3dsamples_amd\tiledlighting11_v1.2\dxut\optional\bin\desktop_2012\x64\debug\dxutgui.obj
d:\workspace\d3dsamples_amd\tiledlighting11_v1.2\dxut\optional\bin\desktop_2012\x64\debug\dxutguiime.obj
d:\workspace\d3dsamples_amd\tiledlighting11_v1.2\dxut\optional\bin\desktop_2012\x64\debug\dxutres.obj
d:\workspace\d3dsamples_amd\tiledlighting11_v1.2\dxut\optional\bin\desktop_2012\x64\debug\dxutsettingsdlg.obj
d:\workspace\d3dsamples_amd\tiledlighting11_v1.2\dxut\optional\bin\desktop_2012\x64\debug\imeui.obj
d:\workspace\d3dsamples_amd\tiledlighting11_v1.2\dxut\optional\bin\desktop_2012\x64\debug\sdkmesh.obj
d:\workspace\d3dsamples_amd\tiledlighting11_v1.2\dxut\optional\bin\desktop_2012\x64\debug\sdkmisc.obj
d:\workspace\d3dsamples_amd\tiledlighting11_v1.2\dxut\optional\bin\desktop_2012\x64\debug\dxutopt.pch
d:\workspace\d3dsamples_amd\tiledlighting11_v1.2\dxut\optional\bin\desktop_2012\x64\debug\dxutopt.pdb
d:\workspace\d3dsamples_amd\tiledlighting11_v1.2\dxut\optional\bin\desktop_2012\x64\debug\dxutopt.lib
d:\workspace\d3dsamples_amd\tiledlighting11_v1.2\dxut\optional\bin\desktop_2012\x64\debug\dxutopt.tlog\cl.command.1.tlog
d:\workspace\d3dsamples_amd\tiledlighting11_v1.2\dxut\optional\bin\desktop_2012\x64\debug\dxutopt.tlog\cl.read.1.tlog
d:\workspace\d3dsamples_amd\tiledlighting11_v1.2\dxut\optional\bin\desktop_2012\x64\debug\dxutopt.tlog\cl.write.1.tlog
d:\workspace\d3dsamples_amd\tiledlighting11_v1.2\dxut\optional\bin\desktop_2012\x64\debug\dxutopt.tlog\lib-link.read.1.tlog
d:\workspace\d3dsamples_amd\tiledlighting11_v1.2\dxut\optional\bin\desktop_2012\x64\debug\dxutopt.tlog\lib-link.write.1.tlog
d:\workspace\d3dsamples_amd\tiledlighting11_v1.2\dxut\optional\bin\desktop_2012\x64\debug\dxutopt.tlog\lib.command.1.tlog
